{"C:\\Users\\yashp\\Desktop\\ontrack-tdd\\src\\taskInbox.js": {"path":"C:\\Users\\yashp\\Desktop\\ontrack-tdd\\src\\taskInbox.js","statementMap":{"0":{"start":{"line":1,"column":18},"end":{"line":1,"column":20}},"1":{"start":{"line":2,"column":21},"end":{"line":2,"column":23}},"2":{"start":{"line":5,"column":2},"end":{"line":7,"column":3}},"3":{"start":{"line":6,"column":4},"end":{"line":6,"column":69}},"4":{"start":{"line":8,"column":2},"end":{"line":8,"column":36}},"5":{"start":{"line":12,"column":2},"end":{"line":14,"column":3}},"6":{"start":{"line":13,"column":4},"end":{"line":13,"column":76}},"7":{"start":{"line":15,"column":16},"end":{"line":15,"column":42}},"8":{"start":{"line":16,"column":15},"end":{"line":16,"column":51}},"9":{"start":{"line":16,"column":31},"end":{"line":16,"column":50}},"10":{"start":{"line":17,"column":2},"end":{"line":17,"column":35}},"11":{"start":{"line":21,"column":2},"end":{"line":23,"column":3}},"12":{"start":{"line":22,"column":4},"end":{"line":22,"column":69}},"13":{"start":{"line":24,"column":2},"end":{"line":26,"column":3}},"14":{"start":{"line":25,"column":4},"end":{"line":25,"column":78}},"15":{"start":{"line":27,"column":19},"end":{"line":27,"column":45}},"16":{"start":{"line":28,"column":2},"end":{"line":30,"column":3}},"17":{"start":{"line":28,"column":25},"end":{"line":28,"column":49}},"18":{"start":{"line":29,"column":4},"end":{"line":29,"column":83}},"19":{"start":{"line":31,"column":18},"end":{"line":37,"column":3}},"20":{"start":{"line":38,"column":2},"end":{"line":38,"column":48}},"21":{"start":{"line":39,"column":2},"end":{"line":39,"column":17}},"22":{"start":{"line":43,"column":24},"end":{"line":43,"column":96}},"23":{"start":{"line":44,"column":2},"end":{"line":46,"column":3}},"24":{"start":{"line":45,"column":4},"end":{"line":45,"column":83}},"25":{"start":{"line":47,"column":16},"end":{"line":47,"column":39}},"26":{"start":{"line":48,"column":2},"end":{"line":48,"column":48}},"27":{"start":{"line":48,"column":27},"end":{"line":48,"column":46}},"28":{"start":{"line":52,"column":2},"end":{"line":54,"column":3}},"29":{"start":{"line":53,"column":4},"end":{"line":53,"column":66}},"30":{"start":{"line":55,"column":2},"end":{"line":55,"column":36}},"31":{"start":{"line":59,"column":2},"end":{"line":61,"column":3}},"32":{"start":{"line":60,"column":4},"end":{"line":60,"column":38}},"33":{"start":{"line":62,"column":2},"end":{"line":64,"column":3}},"34":{"start":{"line":63,"column":4},"end":{"line":63,"column":68}},"35":{"start":{"line":65,"column":2},"end":{"line":67,"column":3}},"36":{"start":{"line":66,"column":4},"end":{"line":66,"column":64}},"37":{"start":{"line":68,"column":18},"end":{"line":74,"column":3}},"38":{"start":{"line":75,"column":2},"end":{"line":75,"column":68}},"39":{"start":{"line":76,"column":2},"end":{"line":76,"column":17}},"40":{"start":{"line":80,"column":2},"end":{"line":80,"column":59}},"41":{"start":{"line":80,"column":38},"end":{"line":80,"column":57}},"42":{"start":{"line":81,"column":2},"end":{"line":81,"column":65}},"43":{"start":{"line":81,"column":41},"end":{"line":81,"column":63}},"44":{"start":{"line":84,"column":0},"end":{"line":92,"column":2}}},"fnMap":{"0":{"name":"getTaskInbox","decl":{"start":{"line":4,"column":9},"end":{"line":4,"column":21}},"loc":{"start":{"line":4,"column":33},"end":{"line":9,"column":1}},"line":4},"1":{"name":"getTaskStatus","decl":{"start":{"line":11,"column":9},"end":{"line":11,"column":22}},"loc":{"start":{"line":11,"column":42},"end":{"line":18,"column":1}},"line":11},"2":{"name":"(anonymous_2)","decl":{"start":{"line":16,"column":26},"end":{"line":16,"column":27}},"loc":{"start":{"line":16,"column":31},"end":{"line":16,"column":50}},"line":16},"3":{"name":"addTask","decl":{"start":{"line":20,"column":9},"end":{"line":20,"column":16}},"loc":{"start":{"line":20,"column":34},"end":{"line":40,"column":1}},"line":20},"4":{"name":"(anonymous_4)","decl":{"start":{"line":28,"column":20},"end":{"line":28,"column":21}},"loc":{"start":{"line":28,"column":25},"end":{"line":28,"column":49}},"line":28},"5":{"name":"filterTasksByStatus","decl":{"start":{"line":42,"column":9},"end":{"line":42,"column":28}},"loc":{"start":{"line":42,"column":48},"end":{"line":49,"column":1}},"line":42},"6":{"name":"(anonymous_6)","decl":{"start":{"line":48,"column":22},"end":{"line":48,"column":23}},"loc":{"start":{"line":48,"column":27},"end":{"line":48,"column":46}},"line":48},"7":{"name":"getTaskMessages","decl":{"start":{"line":51,"column":9},"end":{"line":51,"column":24}},"loc":{"start":{"line":51,"column":33},"end":{"line":56,"column":1}},"line":51},"8":{"name":"addMessage","decl":{"start":{"line":58,"column":9},"end":{"line":58,"column":19}},"loc":{"start":{"line":58,"column":45},"end":{"line":77,"column":1}},"line":58},"9":{"name":"_resetStore","decl":{"start":{"line":79,"column":9},"end":{"line":79,"column":20}},"loc":{"start":{"line":79,"column":23},"end":{"line":82,"column":1}},"line":79},"10":{"name":"(anonymous_10)","decl":{"start":{"line":80,"column":33},"end":{"line":80,"column":34}},"loc":{"start":{"line":80,"column":38},"end":{"line":80,"column":57}},"line":80},"11":{"name":"(anonymous_11)","decl":{"start":{"line":81,"column":36},"end":{"line":81,"column":37}},"loc":{"start":{"line":81,"column":41},"end":{"line":81,"column":63}},"line":81}},"branchMap":{"0":{"loc":{"start":{"line":5,"column":2},"end":{"line":7,"column":3}},"type":"if","locations":[{"start":{"line":5,"column":2},"end":{"line":7,"column":3}},{"start":{},"end":{}}],"line":5},"1":{"loc":{"start":{"line":5,"column":6},"end":{"line":5,"column":49}},"type":"binary-expr","locations":[{"start":{"line":5,"column":6},"end":{"line":5,"column":16}},{"start":{"line":5,"column":20},"end":{"line":5,"column":49}}],"line":5},"2":{"loc":{"start":{"line":8,"column":9},"end":{"line":8,"column":35}},"type":"binary-expr","locations":[{"start":{"line":8,"column":9},"end":{"line":8,"column":29}},{"start":{"line":8,"column":33},"end":{"line":8,"column":35}}],"line":8},"3":{"loc":{"start":{"line":12,"column":2},"end":{"line":14,"column":3}},"type":"if","locations":[{"start":{"line":12,"column":2},"end":{"line":14,"column":3}},{"start":{},"end":{}}],"line":12},"4":{"loc":{"start":{"line":12,"column":6},"end":{"line":12,"column":27}},"type":"binary-expr","locations":[{"start":{"line":12,"column":6},"end":{"line":12,"column":16}},{"start":{"line":12,"column":20},"end":{"line":12,"column":27}}],"line":12},"5":{"loc":{"start":{"line":15,"column":16},"end":{"line":15,"column":42}},"type":"binary-expr","locations":[{"start":{"line":15,"column":16},"end":{"line":15,"column":36}},{"start":{"line":15,"column":40},"end":{"line":15,"column":42}}],"line":15},"6":{"loc":{"start":{"line":17,"column":9},"end":{"line":17,"column":34}},"type":"cond-expr","locations":[{"start":{"line":17,"column":16},"end":{"line":17,"column":27}},{"start":{"line":17,"column":30},"end":{"line":17,"column":34}}],"line":17},"7":{"loc":{"start":{"line":21,"column":2},"end":{"line":23,"column":3}},"type":"if","locations":[{"start":{"line":21,"column":2},"end":{"line":23,"column":3}},{"start":{},"end":{}}],"line":21},"8":{"loc":{"start":{"line":21,"column":6},"end":{"line":21,"column":49}},"type":"binary-expr","locations":[{"start":{"line":21,"column":6},"end":{"line":21,"column":16}},{"start":{"line":21,"column":20},"end":{"line":21,"column":49}}],"line":21},"9":{"loc":{"start":{"line":24,"column":2},"end":{"line":26,"column":3}},"type":"if","locations":[{"start":{"line":24,"column":2},"end":{"line":26,"column":3}},{"start":{},"end":{}}],"line":24},"10":{"loc":{"start":{"line":24,"column":6},"end":{"line":24,"column":60}},"type":"binary-expr","locations":[{"start":{"line":24,"column":6},"end":{"line":24,"column":11}},{"start":{"line":24,"column":15},"end":{"line":24,"column":27}},{"start":{"line":24,"column":31},"end":{"line":24,"column":42}},{"start":{"line":24,"column":46},"end":{"line":24,"column":60}}],"line":24},"11":{"loc":{"start":{"line":27,"column":19},"end":{"line":27,"column":45}},"type":"binary-expr","locations":[{"start":{"line":27,"column":19},"end":{"line":27,"column":39}},{"start":{"line":27,"column":43},"end":{"line":27,"column":45}}],"line":27},"12":{"loc":{"start":{"line":28,"column":2},"end":{"line":30,"column":3}},"type":"if","locations":[{"start":{"line":28,"column":2},"end":{"line":30,"column":3}},{"start":{},"end":{}}],"line":28},"13":{"loc":{"start":{"line":36,"column":17},"end":{"line":36,"column":61}},"type":"binary-expr","locations":[{"start":{"line":36,"column":17},"end":{"line":36,"column":33}},{"start":{"line":36,"column":37},"end":{"line":36,"column":61}}],"line":36},"14":{"loc":{"start":{"line":44,"column":2},"end":{"line":46,"column":3}},"type":"if","locations":[{"start":{"line":44,"column":2},"end":{"line":46,"column":3}},{"start":{},"end":{}}],"line":44},"15":{"loc":{"start":{"line":52,"column":2},"end":{"line":54,"column":3}},"type":"if","locations":[{"start":{"line":52,"column":2},"end":{"line":54,"column":3}},{"start":{},"end":{}}],"line":52},"16":{"loc":{"start":{"line":52,"column":6},"end":{"line":52,"column":43}},"type":"binary-expr","locations":[{"start":{"line":52,"column":6},"end":{"line":52,"column":13}},{"start":{"line":52,"column":17},"end":{"line":52,"column":43}}],"line":52},"17":{"loc":{"start":{"line":55,"column":9},"end":{"line":55,"column":35}},"type":"binary-expr","locations":[{"start":{"line":55,"column":9},"end":{"line":55,"column":29}},{"start":{"line":55,"column":33},"end":{"line":55,"column":35}}],"line":55},"18":{"loc":{"start":{"line":59,"column":2},"end":{"line":61,"column":3}},"type":"if","locations":[{"start":{"line":59,"column":2},"end":{"line":61,"column":3}},{"start":{},"end":{}}],"line":59},"19":{"loc":{"start":{"line":59,"column":6},"end":{"line":59,"column":43}},"type":"binary-expr","locations":[{"start":{"line":59,"column":6},"end":{"line":59,"column":13}},{"start":{"line":59,"column":17},"end":{"line":59,"column":43}}],"line":59},"20":{"loc":{"start":{"line":62,"column":2},"end":{"line":64,"column":3}},"type":"if","locations":[{"start":{"line":62,"column":2},"end":{"line":64,"column":3}},{"start":{},"end":{}}],"line":62},"21":{"loc":{"start":{"line":65,"column":2},"end":{"line":67,"column":3}},"type":"if","locations":[{"start":{"line":65,"column":2},"end":{"line":67,"column":3}},{"start":{},"end":{}}],"line":65},"22":{"loc":{"start":{"line":65,"column":6},"end":{"line":65,"column":70}},"type":"binary-expr","locations":[{"start":{"line":65,"column":6},"end":{"line":65,"column":14}},{"start":{"line":65,"column":18},"end":{"line":65,"column":45}},{"start":{"line":65,"column":49},"end":{"line":65,"column":70}}],"line":65},"23":{"loc":{"start":{"line":75,"column":30},"end":{"line":75,"column":56}},"type":"binary-expr","locations":[{"start":{"line":75,"column":30},"end":{"line":75,"column":50}},{"start":{"line":75,"column":54},"end":{"line":75,"column":56}}],"line":75}},"s":{"0":1,"1":1,"2":15,"3":3,"4":12,"5":4,"6":2,"7":2,"8":2,"9":1,"10":2,"11":26,"12":1,"13":25,"14":2,"15":23,"16":23,"17":14,"18":1,"19":22,"20":22,"21":22,"22":8,"23":8,"24":1,"25":7,"26":7,"27":21,"28":7,"29":2,"30":5,"31":12,"32":1,"33":11,"34":1,"35":10,"36":2,"37":8,"38":8,"39":8,"40":33,"41":13,"42":33,"43":5,"44":1},"f":{"0":15,"1":4,"2":1,"3":26,"4":14,"5":8,"6":21,"7":7,"8":12,"9":33,"10":13,"11":5},"b":{"0":[3,12],"1":[15,13],"2":[12,1],"3":[2,2],"4":[4,3],"5":[2,1],"6":[1,1],"7":[1,25],"8":[26,25],"9":[2,23],"10":[25,25,24,23],"11":[23,13],"12":[1,22],"13":[22,21],"14":[1,7],"15":[2,5],"16":[7,5],"17":[5,1],"18":[1,11],"19":[12,11],"20":[1,10],"21":[2,8],"22":[10,9,9],"23":[8,7]},"_coverageSchema":"1a1c01bbd47fc00a2c39e90264f33305004495a9","hash":"42d4c0f94e15afcf7b1334b4ff3f10f6c7e87f7e"}
}
