TN:
SF:src\taskInbox.js
FN:4,getTaskInbox
FN:11,getTaskStatus
FN:16,(anonymous_2)
FN:20,addTask
FN:28,(anonymous_4)
FN:42,filterTasksByStatus
FN:48,(anonymous_6)
FN:51,getTaskMessages
FN:58,addMessage
FN:79,_resetStore
FN:80,(anonymous_10)
FN:81,(anonymous_11)
FNF:12
FNH:12
FNDA:15,getTaskInbox
FNDA:4,getTaskStatus
FNDA:1,(anonymous_2)
FNDA:26,addTask
FNDA:14,(anonymous_4)
FNDA:8,filterTasksByStatus
FNDA:21,(anonymous_6)
FNDA:7,getTaskMessages
FNDA:12,addMessage
FNDA:33,_resetStore
FNDA:13,(anonymous_10)
FNDA:5,(anonymous_11)
DA:1,1
DA:2,1
DA:5,15
DA:6,3
DA:8,12
DA:12,4
DA:13,2
DA:15,2
DA:16,2
DA:17,2
DA:21,26
DA:22,1
DA:24,25
DA:25,2
DA:27,23
DA:28,23
DA:29,1
DA:31,22
DA:38,22
DA:39,22
DA:43,8
DA:44,8
DA:45,1
DA:47,7
DA:48,21
DA:52,7
DA:53,2
DA:55,5
DA:59,12
DA:60,1
DA:62,11
DA:63,1
DA:65,10
DA:66,2
DA:68,8
DA:75,8
DA:76,8
DA:80,33
DA:81,33
DA:84,1
LF:40
LH:40
BRDA:5,0,0,3
BRDA:5,0,1,12
BRDA:5,1,0,15
BRDA:5,1,1,13
BRDA:8,2,0,12
BRDA:8,2,1,1
BRDA:12,3,0,2
BRDA:12,3,1,2
BRDA:12,4,0,4
BRDA:12,4,1,3
BRDA:15,5,0,2
BRDA:15,5,1,1
BRDA:17,6,0,1
BRDA:17,6,1,1
BRDA:21,7,0,1
BRDA:21,7,1,25
BRDA:21,8,0,26
BRDA:21,8,1,25
BRDA:24,9,0,2
BRDA:24,9,1,23
BRDA:24,10,0,25
BRDA:24,10,1,25
BRDA:24,10,2,24
BRDA:24,10,3,23
BRDA:27,11,0,23
BRDA:27,11,1,13
BRDA:28,12,0,1
BRDA:28,12,1,22
BRDA:36,13,0,22
BRDA:36,13,1,21
BRDA:44,14,0,1
BRDA:44,14,1,7
BRDA:52,15,0,2
BRDA:52,15,1,5
BRDA:52,16,0,7
BRDA:52,16,1,5
BRDA:55,17,0,5
BRDA:55,17,1,1
BRDA:59,18,0,1
BRDA:59,18,1,11
BRDA:59,19,0,12
BRDA:59,19,1,11
BRDA:62,20,0,1
BRDA:62,20,1,10
BRDA:65,21,0,2
BRDA:65,21,1,8
BRDA:65,22,0,10
BRDA:65,22,1,9
BRDA:65,22,2,9
BRDA:75,23,0,8
BRDA:75,23,1,7
BRF:51
BRH:51
end_of_record
